<?xml version="1.0" encoding="UTF-8"?>
<robot generator="Robot 3.1.2 (Python 3.8.1 on linux)" generated="20200123 16:09:19.117" rpa="false">
<suite id="s1" name="Test" source="/home/jeavio37/eclipse-workspace/Test">
<suite id="s1-s1" name="TestSuite" source="/home/jeavio37/eclipse-workspace/Test/TestSuite.robot">
<test id="s1-s1-t1" name="Success Login">
<kw name="login with valid credential">
<kw name="Open browser and redirect to login page" library="RedirectToURL">
<kw name="Open Browser" library="Selenium2Library">
<doc>Opens a new browser instance to the optional ``url``.</doc>
<arguments>
<arg>${LOGIN URL}</arg>
<arg>${BROWSER}</arg>
<arg>options=add_argument("--disable-notifications")</arg>
</arguments>
<msg timestamp="20200123 16:09:19.344" level="INFO">Opening browser 'chrome' to base url 'https://staging.ecarevault.com/'.</msg>
<status status="PASS" starttime="20200123 16:09:19.343" endtime="20200123 16:09:47.841"></status>
</kw>
<kw name="Maximize Browser Window" library="Selenium2Library">
<doc>Maximizes current browser window.</doc>
<status status="PASS" starttime="20200123 16:09:47.842" endtime="20200123 16:09:47.952"></status>
</kw>
<status status="PASS" starttime="20200123 16:09:19.343" endtime="20200123 16:09:47.952"></status>
</kw>
<kw name="login" library="Login">
<kw name="Wait Until Page Contains Element" library="Selenium2Library">
<doc>Waits until the element ``locator`` appears on the current page.</doc>
<arguments>
<arg>${Gmail login_btn}</arg>
</arguments>
<status status="PASS" starttime="20200123 16:09:47.953" endtime="20200123 16:09:47.967"></status>
</kw>
<kw name="Click Element" library="Selenium2Library">
<doc>Click the element identified by ``locator``.</doc>
<arguments>
<arg>${Gmail login_btn}</arg>
</arguments>
<msg timestamp="20200123 16:09:47.968" level="INFO">Clicking element 'xpath://*[@id="gglCustomBtn"]'.</msg>
<status status="PASS" starttime="20200123 16:09:47.967" endtime="20200123 16:09:48.075"></status>
</kw>
<kw name="Get Window Handles" library="Selenium2Library">
<doc>Returns all child window handles of the selected browser as a list.</doc>
<arguments>
<arg>browser=CURRENT</arg>
</arguments>
<assign>
<var>@{windows}</var>
</assign>
<msg timestamp="20200123 16:09:48.081" level="INFO">@{windows} = [ CDwindow-6C21C41AFBBAC80F97CF11E837D556AE | CDwindow-236918F046AEC45CF4E504DFAE403435 ]</msg>
<status status="PASS" starttime="20200123 16:09:48.076" endtime="20200123 16:09:48.081"></status>
</kw>
<kw name="Get Length" library="BuiltIn">
<doc>Returns and logs the length of the given item as an integer.</doc>
<arguments>
<arg>${windows}</arg>
</arguments>
<assign>
<var>${numWindows}</var>
</assign>
<msg timestamp="20200123 16:09:48.082" level="INFO">Length is 2</msg>
<msg timestamp="20200123 16:09:48.082" level="INFO">${numWindows} = 2</msg>
<status status="PASS" starttime="20200123 16:09:48.082" endtime="20200123 16:09:48.082"></status>
</kw>
<kw name="Evaluate" library="BuiltIn">
<doc>Evaluates the given expression in Python and returns the results.</doc>
<arguments>
<arg>${numWindows}-1</arg>
</arguments>
<assign>
<var>${indexLast}</var>
</assign>
<msg timestamp="20200123 16:09:48.084" level="INFO">${indexLast} = 1</msg>
<status status="PASS" starttime="20200123 16:09:48.083" endtime="20200123 16:09:48.084"></status>
</kw>
<kw name="Should Be True" library="BuiltIn">
<doc>Fails if the given condition is not true.</doc>
<arguments>
<arg>${numWindows} &gt; 1</arg>
</arguments>
<status status="PASS" starttime="20200123 16:09:48.085" endtime="20200123 16:09:48.086"></status>
</kw>
<kw name="Select Window" library="Selenium2Library">
<doc>DEPRECATED in Selenium2Library 4.0. , use `Switch Window` instead.</doc>
<arguments>
<arg>@{windows}[${indexLast}]</arg>
</arguments>
<status status="PASS" starttime="20200123 16:09:48.086" endtime="20200123 16:09:48.300"></status>
</kw>
<kw name="Wait Until Element Is Visible" library="Selenium2Library">
<doc>Waits until the element ``locator`` is visible.</doc>
<arguments>
<arg>${Email Text Field}</arg>
<arg>timeout=40 seconds</arg>
</arguments>
<status status="PASS" starttime="20200123 16:09:48.301" endtime="20200123 16:09:51.149"></status>
</kw>
<kw name="Input Text" library="Selenium2Library">
<doc>Types the given ``text`` into the text field identified by ``locator``.</doc>
<arguments>
<arg>${Email Text Field}</arg>
<arg>${EmailID}</arg>
</arguments>
<msg timestamp="20200123 16:09:51.150" level="INFO">Typing text 'mitangi@jeavio.com' into text field 'xpath://*[@id="identifierId"]'.</msg>
<status status="PASS" starttime="20200123 16:09:51.149" endtime="20200123 16:09:51.428"></status>
</kw>
<kw name="Press Keys" library="Selenium2Library">
<doc>Simulates the user pressing key(s) to an element or on the active browser.</doc>
<arguments>
<arg>${Email Next btn}</arg>
<arg>\\13</arg>
</arguments>
<msg timestamp="20200123 16:09:51.429" level="INFO">Sending key(s) ('\\13',) to xpath://*[@class="RveJvd snByac"] element.</msg>
<msg timestamp="20200123 16:09:51.445" level="INFO">Sending keys \13</msg>
<status status="PASS" starttime="20200123 16:09:51.428" endtime="20200123 16:09:51.608"></status>
</kw>
<kw name="Sleep" library="BuiltIn">
<doc>Pauses the test executed for the given time.</doc>
<arguments>
<arg>3</arg>
</arguments>
<msg timestamp="20200123 16:09:54.609" level="INFO">Slept 3 seconds</msg>
<status status="PASS" starttime="20200123 16:09:51.608" endtime="20200123 16:09:54.610"></status>
</kw>
<kw name="Input Password" library="Selenium2Library">
<doc>Types the given password into the text field identified by ``locator``.</doc>
<arguments>
<arg>${Password TextField}</arg>
<arg>${Password}</arg>
</arguments>
<msg timestamp="20200123 16:09:54.613" level="INFO">Typing password into text field 'xpath://*[@class="whsOnd zHQkBf"]'.</msg>
<status status="PASS" starttime="20200123 16:09:54.611" endtime="20200123 16:09:54.856"></status>
</kw>
<kw name="Press Keys" library="Selenium2Library">
<doc>Simulates the user pressing key(s) to an element or on the active browser.</doc>
<arguments>
<arg>${Password Next btn}</arg>
<arg>\\13</arg>
</arguments>
<msg timestamp="20200123 16:09:54.857" level="INFO">Sending key(s) ('\\13',) to xpath://*[@class="RveJvd snByac"] element.</msg>
<msg timestamp="20200123 16:09:54.868" level="INFO">Sending keys \13</msg>
<status status="PASS" starttime="20200123 16:09:54.856" endtime="20200123 16:09:55.071"></status>
</kw>
<kw name="Select Window" library="Selenium2Library">
<doc>DEPRECATED in Selenium2Library 4.0. , use `Switch Window` instead.</doc>
<arguments>
<arg>${ecvPageTitle}</arg>
</arguments>
<status status="PASS" starttime="20200123 16:09:55.073" endtime="20200123 16:09:55.151"></status>
</kw>
<kw name="Wait Until Element Is Visible" library="Selenium2Library">
<doc>Waits until the element ``locator`` is visible.</doc>
<arguments>
<arg>${vaultkey}</arg>
<arg>timeout=30 seconds</arg>
</arguments>
<status status="PASS" starttime="20200123 16:09:55.153" endtime="20200123 16:10:03.289"></status>
</kw>
<kw name="Wait Until Element Is Enabled" library="Selenium2Library">
<doc>Waits until the element ``locator`` is enabled.</doc>
<arguments>
<arg>${vaultkey}</arg>
<arg>timeout=30 seconds</arg>
</arguments>
<status status="PASS" starttime="20200123 16:10:03.290" endtime="20200123 16:10:03.351"></status>
</kw>
<kw name="Wait Until Page Does Not Contain" library="Selenium2Library">
<doc>Waits until ``text`` disappears from the current page.</doc>
<arguments>
<arg>Loading</arg>
<arg>timeout=30 seconds</arg>
</arguments>
<status status="PASS" starttime="20200123 16:10:03.351" endtime="20200123 16:10:04.099"></status>
</kw>
<kw name="Input Password" library="Selenium2Library">
<doc>Types the given password into the text field identified by ``locator``.</doc>
<arguments>
<arg>${vaultkey}</arg>
<arg>${ValtkeyPassword}</arg>
</arguments>
<msg timestamp="20200123 16:10:04.104" level="INFO">Typing password into text field 'xpath://*[@id="password"]'.</msg>
<status status="PASS" starttime="20200123 16:10:04.104" endtime="20200123 16:10:04.424"></status>
</kw>
<kw name="Press Keys" library="Selenium2Library">
<doc>Simulates the user pressing key(s) to an element or on the active browser.</doc>
<arguments>
<arg>id:submit</arg>
<arg>\\13</arg>
</arguments>
<msg timestamp="20200123 16:10:04.425" level="INFO">Sending key(s) ('\\13',) to id:submit element.</msg>
<msg timestamp="20200123 16:10:04.441" level="INFO">Sending keys \13</msg>
<status status="PASS" starttime="20200123 16:10:04.424" endtime="20200123 16:10:04.582"></status>
</kw>
<status status="PASS" starttime="20200123 16:09:47.952" endtime="20200123 16:10:04.582"></status>
</kw>
<status status="PASS" starttime="20200123 16:09:19.342" endtime="20200123 16:10:04.583"></status>
</kw>
<status status="PASS" starttime="20200123 16:09:19.341" endtime="20200123 16:10:04.584" critical="yes"></status>
</test>
<test id="s1-s1-t2" name="User Loged in Or Not">
<kw name="Goto homepage and check for the valid Username" library="HomePage">
<kw name="Page Should Contain" library="Selenium2Library">
<doc>Verifies that current page contains ``text``.</doc>
<arguments>
<arg>Mitangi Kapatel</arg>
</arguments>
<msg timestamp="20200123 16:10:04.604" level="INFO">Current page contains text 'Mitangi Kapatel'.</msg>
<status status="PASS" starttime="20200123 16:10:04.586" endtime="20200123 16:10:04.605"></status>
</kw>
<kw name="Wait Until Page Does Not Contain" library="Selenium2Library">
<doc>Waits until ``text`` disappears from the current page.</doc>
<arguments>
<arg>Loading</arg>
</arguments>
<status status="PASS" starttime="20200123 16:10:04.605" endtime="20200123 16:10:08.271"></status>
</kw>
<status status="PASS" starttime="20200123 16:10:04.585" endtime="20200123 16:10:08.272"></status>
</kw>
<kw name="create new team" library="CreateNewTeam">
<kw name="Click Element" library="Selenium2Library">
<doc>Click the element identified by ``locator``.</doc>
<arguments>
<arg>${Team Creation Logo}</arg>
</arguments>
<msg timestamp="20200123 16:10:08.278" level="INFO">Clicking element 'xpath://*[@id="ecv-page-header"]/div[3]/nav/button/div/i'.</msg>
<status status="PASS" starttime="20200123 16:10:08.276" endtime="20200123 16:10:08.438"></status>
</kw>
<kw name="Loading" library="AllVeriables">
<kw name="Wait Until Page Does Not Contain" library="Selenium2Library">
<doc>Waits until ``text`` disappears from the current page.</doc>
<arguments>
<arg>Loading</arg>
<arg>timeout=30seconds</arg>
</arguments>
<status status="PASS" starttime="20200123 16:10:08.440" endtime="20200123 16:10:10.042"></status>
</kw>
<status status="PASS" starttime="20200123 16:10:08.438" endtime="20200123 16:10:10.042"></status>
</kw>
<kw name="Loading" library="AllVeriables">
<kw name="Wait Until Page Does Not Contain" library="Selenium2Library">
<doc>Waits until ``text`` disappears from the current page.</doc>
<arguments>
<arg>Loading</arg>
<arg>timeout=30seconds</arg>
</arguments>
<status status="PASS" starttime="20200123 16:10:10.044" endtime="20200123 16:10:10.055"></status>
</kw>
<status status="PASS" starttime="20200123 16:10:10.043" endtime="20200123 16:10:10.055"></status>
</kw>
<kw name="Sleep" library="BuiltIn">
<doc>Pauses the test executed for the given time.</doc>
<arguments>
<arg>3</arg>
</arguments>
<msg timestamp="20200123 16:10:13.056" level="INFO">Slept 3 seconds</msg>
<status status="PASS" starttime="20200123 16:10:10.056" endtime="20200123 16:10:13.057"></status>
</kw>
<kw name="Wait Until Element Is Visible" library="Selenium2Library">
<doc>Waits until the element ``locator`` is visible.</doc>
<arguments>
<arg>${Team Checkbox}</arg>
<arg>timeout=30 seconds</arg>
</arguments>
<status status="PASS" starttime="20200123 16:10:13.059" endtime="20200123 16:10:13.114"></status>
</kw>
<kw name="Wait Until Element Is Enabled" library="Selenium2Library">
<doc>Waits until the element ``locator`` is enabled.</doc>
<arguments>
<arg>${Team Checkbox}</arg>
<arg>timeout=30 seconds</arg>
</arguments>
<status status="PASS" starttime="20200123 16:10:13.115" endtime="20200123 16:10:13.133"></status>
</kw>
<kw name="Select Radio Button" library="Selenium2Library">
<doc>Sets the radio button group ``group_name`` to ``value``.</doc>
<arguments>
<arg>${Radio Btn Name}</arg>
<arg>team</arg>
</arguments>
<msg timestamp="20200123 16:10:13.133" level="INFO">Selecting 'team' from radio button 'chk-team-type'.</msg>
<status status="PASS" starttime="20200123 16:10:13.133" endtime="20200123 16:10:13.153"></status>
</kw>
<kw name="Input Text" library="Selenium2Library">
<doc>Types the given ``text`` into the text field identified by ``locator``.</doc>
<arguments>
<arg>${Team_Firstname}</arg>
<arg>${Firstname}</arg>
</arguments>
<msg timestamp="20200123 16:10:13.154" level="INFO">Typing text 'FirstName' into text field 'id:firstName'.</msg>
<status status="PASS" starttime="20200123 16:10:13.153" endtime="20200123 16:10:13.364"></status>
</kw>
<kw name="Input Text" library="Selenium2Library">
<doc>Types the given ``text`` into the text field identified by ``locator``.</doc>
<arguments>
<arg>${Team Lastname}</arg>
<arg>${Lastname}</arg>
</arguments>
<msg timestamp="20200123 16:10:13.365" level="INFO">Typing text 'LastName' into text field 'id:lastName'.</msg>
<status status="PASS" starttime="20200123 16:10:13.365" endtime="20200123 16:10:13.588"></status>
</kw>
<kw name="Input Text" library="Selenium2Library">
<doc>Types the given ``text`` into the text field identified by ``locator``.</doc>
<arguments>
<arg>${Team BD}</arg>
<arg>${BirthDate}</arg>
</arguments>
<msg timestamp="20200123 16:10:13.588" level="INFO">Typing text '11/12/1920' into text field 'id:birthDate'.</msg>
<status status="PASS" starttime="20200123 16:10:13.588" endtime="20200123 16:10:13.828"></status>
</kw>
<kw name="Click Element" library="Selenium2Library">
<doc>Click the element identified by ``locator``.</doc>
<arguments>
<arg>${Save Team}</arg>
</arguments>
<msg timestamp="20200123 16:10:13.830" level="INFO">Clicking element 'xpath://*[@id="side-nav"]/ul/li[1]/a/div[1]/i'.</msg>
<status status="PASS" starttime="20200123 16:10:13.829" endtime="20200123 16:10:13.946"></status>
</kw>
<status status="PASS" starttime="20200123 16:10:08.273" endtime="20200123 16:10:13.946"></status>
</kw>
<status status="PASS" starttime="20200123 16:10:04.585" endtime="20200123 16:10:13.947" critical="yes"></status>
</test>
<test id="s1-s1-t3" name="Create Team Member Success">
<kw name="select team" library="TeamSelection">
<kw name="Loading" library="AllVeriables">
<kw name="Wait Until Page Does Not Contain" library="Selenium2Library">
<doc>Waits until ``text`` disappears from the current page.</doc>
<arguments>
<arg>Loading</arg>
<arg>timeout=30seconds</arg>
</arguments>
<status status="PASS" starttime="20200123 16:10:13.953" endtime="20200123 16:10:14.848"></status>
</kw>
<status status="PASS" starttime="20200123 16:10:13.952" endtime="20200123 16:10:14.850"></status>
</kw>
<kw name="Loading" library="AllVeriables">
<kw name="Wait Until Page Does Not Contain" library="Selenium2Library">
<doc>Waits until ``text`` disappears from the current page.</doc>
<arguments>
<arg>Loading</arg>
<arg>timeout=30seconds</arg>
</arguments>
<status status="PASS" starttime="20200123 16:10:14.851" endtime="20200123 16:10:14.864"></status>
</kw>
<status status="PASS" starttime="20200123 16:10:14.851" endtime="20200123 16:10:14.865"></status>
</kw>
<kw name="Loading" library="AllVeriables">
<kw name="Wait Until Page Does Not Contain" library="Selenium2Library">
<doc>Waits until ``text`` disappears from the current page.</doc>
<arguments>
<arg>Loading</arg>
<arg>timeout=30seconds</arg>
</arguments>
<status status="PASS" starttime="20200123 16:10:14.866" endtime="20200123 16:10:14.877"></status>
</kw>
<status status="PASS" starttime="20200123 16:10:14.865" endtime="20200123 16:10:14.878"></status>
</kw>
<kw name="Loading" library="AllVeriables">
<kw name="Wait Until Page Does Not Contain" library="Selenium2Library">
<doc>Waits until ``text`` disappears from the current page.</doc>
<arguments>
<arg>Loading</arg>
<arg>timeout=30seconds</arg>
</arguments>
<status status="PASS" starttime="20200123 16:10:14.879" endtime="20200123 16:10:14.894"></status>
</kw>
<status status="PASS" starttime="20200123 16:10:14.878" endtime="20200123 16:10:14.895"></status>
</kw>
<kw name="Wait Until Page Does Not Contain" library="Selenium2Library">
<doc>Waits until ``text`` disappears from the current page.</doc>
<arguments>
<arg>Please enter your Vault Key</arg>
<arg>timeout=30 seconds</arg>
</arguments>
<status status="PASS" starttime="20200123 16:10:14.896" endtime="20200123 16:10:14.917"></status>
</kw>
<kw name="Wait Until Page Does Not Contain" library="Selenium2Library">
<doc>Waits until ``text`` disappears from the current page.</doc>
<arguments>
<arg>Desktop</arg>
<arg>timeout=30seconds</arg>
</arguments>
<status status="PASS" starttime="20200123 16:10:14.918" endtime="20200123 16:10:14.933"></status>
</kw>
<kw name="Wait Until Element Is Visible" library="Selenium2Library">
<doc>Waits until the element ``locator`` is visible.</doc>
<arguments>
<arg>${TeamSectList}</arg>
<arg>timeout=30 seconds</arg>
</arguments>
<status status="PASS" starttime="20200123 16:10:14.933" endtime="20200123 16:10:14.955"></status>
</kw>
<kw name="Wait Until Element Is Enabled" library="Selenium2Library">
<doc>Waits until the element ``locator`` is enabled.</doc>
<arguments>
<arg>${TeamSectList}</arg>
<arg>timeout=30 seconds</arg>
</arguments>
<status status="PASS" starttime="20200123 16:10:14.955" endtime="20200123 16:10:14.977"></status>
</kw>
<kw name="Click Element" library="Selenium2Library">
<doc>Click the element identified by ``locator``.</doc>
<arguments>
<arg>${TeamSectList}</arg>
</arguments>
<msg timestamp="20200123 16:10:14.978" level="INFO">Clicking element 'name:teamListId'.</msg>
<status status="PASS" starttime="20200123 16:10:14.978" endtime="20200123 16:10:15.087"></status>
</kw>
<kw name="Element Should Be Enabled" library="Selenium2Library">
<doc>Verifies that element identified by ``locator`` is enabled.</doc>
<arguments>
<arg>${TeamSectList}</arg>
</arguments>
<status status="PASS" starttime="20200123 16:10:15.087" endtime="20200123 16:10:15.107"></status>
</kw>
<kw name="Click Element" library="Selenium2Library">
<doc>Click the element identified by ``locator``.</doc>
<arguments>
<arg>${SelcTeamHeaderList}</arg>
</arguments>
<msg timestamp="20200123 16:10:15.108" level="INFO">Clicking element 'xpath://div[@class="ellipsis padding-top-8" and text()='Firstname Lastname']'.</msg>
<status status="PASS" starttime="20200123 16:10:15.108" endtime="20200123 16:10:15.231"></status>
</kw>
<status status="PASS" starttime="20200123 16:10:13.949" endtime="20200123 16:10:15.233"></status>
</kw>
<status status="PASS" starttime="20200123 16:10:13.948" endtime="20200123 16:10:15.233" critical="yes"></status>
</test>
<test id="s1-s1-t4" name="Verifing the Forms Are Listed In Available Forms">
<kw name="Verifing Forms" library="FormAssign">
<kw name="Loading" library="AllVeriables">
<kw name="Wait Until Page Does Not Contain" library="Selenium2Library">
<doc>Waits until ``text`` disappears from the current page.</doc>
<arguments>
<arg>Loading</arg>
<arg>timeout=30seconds</arg>
</arguments>
<status status="PASS" starttime="20200123 16:10:15.238" endtime="20200123 16:10:16.849"></status>
</kw>
<status status="PASS" starttime="20200123 16:10:15.237" endtime="20200123 16:10:16.852"></status>
</kw>
<kw name="Wait Until Element Is Visible" library="Selenium2Library">
<doc>Waits until the element ``locator`` is visible.</doc>
<arguments>
<arg>${formSidebar}</arg>
<arg>timeout=30 seconds</arg>
</arguments>
<status status="PASS" starttime="20200123 16:10:16.855" endtime="20200123 16:10:16.934"></status>
</kw>
<kw name="Wait Until Element Is Enabled" library="Selenium2Library">
<doc>Waits until the element ``locator`` is enabled.</doc>
<arguments>
<arg>${formSidebar}</arg>
<arg>timeout=30 seconds</arg>
</arguments>
<status status="PASS" starttime="20200123 16:10:16.934" endtime="20200123 16:10:16.964"></status>
</kw>
<kw name="Click Element" library="Selenium2Library">
<doc>Click the element identified by ``locator``.</doc>
<arguments>
<arg>${formSidebar}</arg>
</arguments>
<msg timestamp="20200123 16:10:16.965" level="INFO">Clicking element 'xpath://*[@id="side-nav"]/ul/li[5]/a/div[1]/i'.</msg>
<status status="PASS" starttime="20200123 16:10:16.964" endtime="20200123 16:10:17.280"></status>
</kw>
<kw name="Loading" library="AllVeriables">
<kw name="Wait Until Page Does Not Contain" library="Selenium2Library">
<doc>Waits until ``text`` disappears from the current page.</doc>
<arguments>
<arg>Loading</arg>
<arg>timeout=30seconds</arg>
</arguments>
<status status="PASS" starttime="20200123 16:10:17.282" endtime="20200123 16:10:19.904"></status>
</kw>
<status status="PASS" starttime="20200123 16:10:17.280" endtime="20200123 16:10:19.905"></status>
</kw>
<kw name="Click Element" library="Selenium2Library">
<doc>Click the element identified by ``locator``.</doc>
<arguments>
<arg>${AvailableForm}</arg>
</arguments>
<msg timestamp="20200123 16:10:19.906" level="INFO">Clicking element 'xpath://*[@daid="available-forms-tab"]'.</msg>
<status status="PASS" starttime="20200123 16:10:19.905" endtime="20200123 16:10:20.046"></status>
</kw>
<kw name="Wait Until Element Is Visible" library="Selenium2Library">
<doc>Waits until the element ``locator`` is visible.</doc>
<arguments>
<arg>${firstForm}</arg>
</arguments>
<status status="PASS" starttime="20200123 16:10:20.047" endtime="20200123 16:10:20.120"></status>
</kw>
<kw name="Wait Until Element Is Enabled" library="Selenium2Library">
<doc>Waits until the element ``locator`` is enabled.</doc>
<arguments>
<arg>${firstForm}</arg>
</arguments>
<status status="PASS" starttime="20200123 16:10:20.120" endtime="20200123 16:10:20.154"></status>
</kw>
<kw name="Click Element" library="Selenium2Library">
<doc>Click the element identified by ``locator``.</doc>
<arguments>
<arg>${firstForm}</arg>
</arguments>
<msg timestamp="20200123 16:10:20.156" level="INFO">Clicking element 'xpath://*[@class="ng-binding" and text()='2018-2019 Emergency Information for Transporters']'.</msg>
<status status="PASS" starttime="20200123 16:10:20.154" endtime="20200123 16:10:20.296"></status>
</kw>
<kw name="Go Back" library="Selenium2Library">
<doc>Simulates the user clicking the back button on their browser.</doc>
<status status="PASS" starttime="20200123 16:10:20.297" endtime="20200123 16:10:20.452"></status>
</kw>
<kw name="Wait Until Element Is Visible" library="Selenium2Library">
<doc>Waits until the element ``locator`` is visible.</doc>
<arguments>
<arg>${AssignBtn}</arg>
</arguments>
<status status="PASS" starttime="20200123 16:10:20.452" endtime="20200123 16:10:20.936"></status>
</kw>
<kw name="Wait Until Element Is Enabled" library="Selenium2Library">
<doc>Waits until the element ``locator`` is enabled.</doc>
<arguments>
<arg>${AssignBtn}</arg>
</arguments>
<status status="PASS" starttime="20200123 16:10:20.936" endtime="20200123 16:10:20.968"></status>
</kw>
<kw name="Click Button" library="Selenium2Library">
<doc>Clicks the button identified by ``locator``.</doc>
<arguments>
<arg>${AssignBtn}</arg>
</arguments>
<msg timestamp="20200123 16:10:20.969" level="INFO">Clicking button 'xpath:/html/body/div[1]/div/div[5]/div[1]/div[2]/div/div[3]/div/div[1]/div/div[2]/div/table/tbody/tr[1]/td[4]/button'.</msg>
<status status="PASS" starttime="20200123 16:10:20.969" endtime="20200123 16:10:21.179"></status>
</kw>
<kw name="Loading" library="AllVeriables">
<kw name="Wait Until Page Does Not Contain" library="Selenium2Library">
<doc>Waits until ``text`` disappears from the current page.</doc>
<arguments>
<arg>Loading</arg>
<arg>timeout=30seconds</arg>
</arguments>
<status status="PASS" starttime="20200123 16:10:21.181" endtime="20200123 16:10:21.899"></status>
</kw>
<status status="PASS" starttime="20200123 16:10:21.180" endtime="20200123 16:10:21.900"></status>
</kw>
<kw name="Click Element" library="Selenium2Library">
<doc>Click the element identified by ``locator``.</doc>
<arguments>
<arg>${TeamMemSectList}</arg>
</arguments>
<msg timestamp="20200123 16:10:21.901" level="INFO">Clicking element 'xpath://*[@id="teamMember"]/div'.</msg>
<status status="PASS" starttime="20200123 16:10:21.900" endtime="20200123 16:10:22.095"></status>
</kw>
<kw name="Click Element" library="Selenium2Library">
<doc>Click the element identified by ``locator``.</doc>
<arguments>
<arg>${ClickOnFirstTeam}</arg>
</arguments>
<msg timestamp="20200123 16:10:22.097" level="INFO">Clicking element 'xpath:/html/body/div[1]/div/div/div/div[2]/form/div[2]/div/ul[1]/li/div[3]/span'.</msg>
<status status="PASS" starttime="20200123 16:10:22.096" endtime="20200123 16:10:22.239"></status>
</kw>
<kw name="Click Element" library="Selenium2Library">
<doc>Click the element identified by ``locator``.</doc>
<arguments>
<arg>${finalAssign}</arg>
</arguments>
<msg timestamp="20200123 16:10:22.242" level="INFO">Clicking element 'xpath://*[@daid="form-assign-btn"]'.</msg>
<status status="PASS" starttime="20200123 16:10:22.241" endtime="20200123 16:10:22.464"></status>
</kw>
<kw name="Go Back" library="Selenium2Library">
<doc>Simulates the user clicking the back button on their browser.</doc>
<status status="PASS" starttime="20200123 16:10:22.465" endtime="20200123 16:10:22.603"></status>
</kw>
<status status="PASS" starttime="20200123 16:10:15.236" endtime="20200123 16:10:22.603"></status>
</kw>
<status status="PASS" starttime="20200123 16:10:15.235" endtime="20200123 16:10:22.604" critical="yes"></status>
</test>
<test id="s1-s1-t5" name="Logout Success">
<kw name="Logout" library="Logout">
<kw name="Sleep" library="BuiltIn">
<doc>Pauses the test executed for the given time.</doc>
<arguments>
<arg>10</arg>
</arguments>
<msg timestamp="20200123 16:10:32.608" level="INFO">Slept 10 seconds</msg>
<status status="PASS" starttime="20200123 16:10:22.607" endtime="20200123 16:10:32.609"></status>
</kw>
<kw name="Wait Until Page Does Not Contain" library="Selenium2Library">
<doc>Waits until ``text`` disappears from the current page.</doc>
<arguments>
<arg>Loading</arg>
</arguments>
<status status="PASS" starttime="20200123 16:10:32.610" endtime="20200123 16:10:32.668"></status>
</kw>
<kw name="Wait Until Page Does Not Contain" library="Selenium2Library">
<doc>Waits until ``text`` disappears from the current page.</doc>
<arguments>
<arg>Loading</arg>
</arguments>
<status status="PASS" starttime="20200123 16:10:32.668" endtime="20200123 16:10:32.694"></status>
</kw>
<kw name="Wait Until Page Does Not Contain" library="Selenium2Library">
<doc>Waits until ``text`` disappears from the current page.</doc>
<arguments>
<arg>Loading</arg>
</arguments>
<status status="PASS" starttime="20200123 16:10:32.695" endtime="20200123 16:10:32.720"></status>
</kw>
<kw name="Wait Until Element Is Enabled" library="Selenium2Library">
<doc>Waits until the element ``locator`` is enabled.</doc>
<arguments>
<arg>${HaderUserName}</arg>
<arg>timeout=30 seconds</arg>
</arguments>
<status status="PASS" starttime="20200123 16:10:32.721" endtime="20200123 16:10:32.776"></status>
</kw>
<kw name="Wait Until Element Is Visible" library="Selenium2Library">
<doc>Waits until the element ``locator`` is visible.</doc>
<arguments>
<arg>${HaderUserName}</arg>
<arg>timeout=30 seconds</arg>
</arguments>
<status status="PASS" starttime="20200123 16:10:32.776" endtime="20200123 16:10:32.807"></status>
</kw>
<kw name="Click Element" library="Selenium2Library">
<doc>Click the element identified by ``locator``.</doc>
<arguments>
<arg>${HaderUserName}</arg>
</arguments>
<msg timestamp="20200123 16:10:32.808" level="INFO">Clicking element 'xpath://*[@id="ecv-page-header"]/div[3]/div[1]/nav/ul/li/a/span/span/i'.</msg>
<status status="PASS" starttime="20200123 16:10:32.807" endtime="20200123 16:10:32.868"></status>
</kw>
<kw name="Click Element" library="Selenium2Library">
<doc>Click the element identified by ``locator``.</doc>
<arguments>
<arg>${Logout}</arg>
</arguments>
<msg timestamp="20200123 16:10:32.868" level="INFO">Clicking element 'xpath://*[@id="step4"]/li[7]/a/span'.</msg>
<status status="PASS" starttime="20200123 16:10:32.868" endtime="20200123 16:10:32.976"></status>
</kw>
<status status="PASS" starttime="20200123 16:10:22.606" endtime="20200123 16:10:32.976"></status>
</kw>
<status status="PASS" starttime="20200123 16:10:22.604" endtime="20200123 16:10:32.977" critical="yes"></status>
</test>
<status status="PASS" starttime="20200123 16:09:19.165" endtime="20200123 16:10:32.979"></status>
</suite>
<status status="PASS" starttime="20200123 16:09:19.139" endtime="20200123 16:10:32.989"></status>
</suite>
<statistics>
<total>
<stat pass="5" fail="0">Critical Tests</stat>
<stat pass="5" fail="0">All Tests</stat>
</total>
<tag>
</tag>
<suite>
<stat pass="5" fail="0" id="s1" name="Test">Test</stat>
<stat pass="5" fail="0" id="s1-s1" name="TestSuite">Test.TestSuite</stat>
</suite>
</statistics>
<errors>
<msg timestamp="20200123 16:09:19.113" level="WARN">Collapsing consecutive whitespace during parsing is deprecated. Fix ' #' in file '/home/jeavio37/eclipse-workspace/Test/TestSuite.robot' on line 38.</msg>
<msg timestamp="20200123 16:09:19.114" level="WARN">Collapsing consecutive whitespace during parsing is deprecated. Fix ' #' in file '/home/jeavio37/eclipse-workspace/Test/TestSuite.robot' on line 44.</msg>
<msg timestamp="20200123 16:09:19.114" level="WARN">Collapsing consecutive whitespace during parsing is deprecated. Fix ' #' in file '/home/jeavio37/eclipse-workspace/Test/TestSuite.robot' on line 47.</msg>
<msg timestamp="20200123 16:09:19.320" level="WARN">Collapsing consecutive whitespace during parsing is deprecated. Fix ' select team' in file '/home/jeavio37/eclipse-workspace/Test/TeamSelection.robot' on line 7.</msg>
</errors>
</robot>
