<?xml version="1.0" encoding="UTF-8"?>
<robot generator="Robot 3.1.2 (Python 3.8.1 on linux)" generated="20200122 13:01:43.009" rpa="false">
<suite id="s1" name="Test" source="/home/jeavio37/eclipse-workspace/Test">
<suite id="s1-s1" name="Main TestCase" source="/home/jeavio37/eclipse-workspace/Test/Main_TestCase.robot">
<test id="s1-s1-t1" name="Check for the loging">
<kw name="open the url">
<kw name="Open Browser To Login Page" library="Open_Url">
<kw name="Open Browser" library="Selenium2Library">
<doc>Opens a new browser instance to the optional ``url``.</doc>
<arguments>
<arg>${LOGIN URL}</arg>
<arg>${BROWSER}</arg>
<arg>options=add_argument("--disable-notifications")</arg>
</arguments>
<msg timestamp="20200122 13:01:43.352" level="INFO">Opening browser 'chrome' to base url 'https://staging.ecarevault.com/'.</msg>
<status status="PASS" starttime="20200122 13:01:43.351" endtime="20200122 13:03:16.218"></status>
</kw>
<kw name="Maximize Browser Window" library="Selenium2Library">
<doc>Maximizes current browser window.</doc>
<status status="PASS" starttime="20200122 13:03:16.220" endtime="20200122 13:03:16.328"></status>
</kw>
<status status="PASS" starttime="20200122 13:01:43.351" endtime="20200122 13:03:16.329"></status>
</kw>
<status status="PASS" starttime="20200122 13:01:43.350" endtime="20200122 13:03:16.329"></status>
</kw>
<kw name="login with valid credential">
<kw name="login" library="login">
<kw name="Wait Until Page Contains Element" library="Selenium2Library">
<doc>Waits until the element ``locator`` appears on the current page.</doc>
<arguments>
<arg>${google_login_btn}</arg>
</arguments>
<status status="PASS" starttime="20200122 13:03:16.334" endtime="20200122 13:03:16.363"></status>
</kw>
<kw name="Click Element" library="Selenium2Library">
<doc>Click the element identified by ``locator``.</doc>
<arguments>
<arg>${google_login_btn}</arg>
</arguments>
<msg timestamp="20200122 13:03:16.364" level="INFO">Clicking element 'xpath://*[@id="gglCustomBtn"]'.</msg>
<status status="PASS" starttime="20200122 13:03:16.364" endtime="20200122 13:03:16.538"></status>
</kw>
<kw name="Get Window Handles" library="Selenium2Library">
<doc>Returns all child window handles of the selected browser as a list.</doc>
<arguments>
<arg>browser=CURRENT</arg>
</arguments>
<assign>
<var>@{windows}</var>
</assign>
<msg timestamp="20200122 13:03:16.543" level="INFO">@{windows} = [ CDwindow-C66E6257E8ACC7142F1189ADA3673CD2 | CDwindow-7DC365F1B08B5D7888AB5841FCD08634 ]</msg>
<status status="PASS" starttime="20200122 13:03:16.539" endtime="20200122 13:03:16.544"></status>
</kw>
<kw name="Get Length" library="BuiltIn">
<doc>Returns and logs the length of the given item as an integer.</doc>
<arguments>
<arg>${windows}</arg>
</arguments>
<assign>
<var>${numWindows}</var>
</assign>
<msg timestamp="20200122 13:03:16.545" level="INFO">Length is 2</msg>
<msg timestamp="20200122 13:03:16.546" level="INFO">${numWindows} = 2</msg>
<status status="PASS" starttime="20200122 13:03:16.544" endtime="20200122 13:03:16.547"></status>
</kw>
<kw name="Evaluate" library="BuiltIn">
<doc>Evaluates the given expression in Python and returns the results.</doc>
<arguments>
<arg>${numWindows}-1</arg>
</arguments>
<assign>
<var>${indexLast}</var>
</assign>
<msg timestamp="20200122 13:03:16.551" level="INFO">${indexLast} = 1</msg>
<status status="PASS" starttime="20200122 13:03:16.548" endtime="20200122 13:03:16.554"></status>
</kw>
<kw name="Should Be True" library="BuiltIn">
<doc>Fails if the given condition is not true.</doc>
<arguments>
<arg>${numWindows} &gt; 1</arg>
</arguments>
<status status="PASS" starttime="20200122 13:03:16.555" endtime="20200122 13:03:16.556"></status>
</kw>
<kw name="Select Window" library="Selenium2Library">
<doc>DEPRECATED in Selenium2Library 4.0. , use `Switch Window` instead.</doc>
<arguments>
<arg>@{windows}[${indexLast}]</arg>
</arguments>
<status status="PASS" starttime="20200122 13:03:16.558" endtime="20200122 13:03:16.756"></status>
</kw>
<kw name="Wait Until Element Is Visible" library="Selenium2Library">
<doc>Waits until the element ``locator`` is visible.</doc>
<arguments>
<arg>${email_text}</arg>
<arg>timeout=40 seconds</arg>
</arguments>
<status status="PASS" starttime="20200122 13:03:16.757" endtime="20200122 13:03:23.508"></status>
</kw>
<kw name="Input Text" library="Selenium2Library">
<doc>Types the given ``text`` into the text field identified by ``locator``.</doc>
<arguments>
<arg>${email_text}</arg>
<arg>mitangi@jeavio.com</arg>
</arguments>
<msg timestamp="20200122 13:03:23.509" level="INFO">Typing text 'mitangi@jeavio.com' into text field 'xpath://*[@id="identifierId"]'.</msg>
<status status="PASS" starttime="20200122 13:03:23.508" endtime="20200122 13:03:23.895"></status>
</kw>
<kw name="Press Keys" library="Selenium2Library">
<doc>Simulates the user pressing key(s) to an element or on the active browser.</doc>
<arguments>
<arg>${email next btn}</arg>
<arg>\\13</arg>
</arguments>
<msg timestamp="20200122 13:03:23.897" level="INFO">Sending key(s) ('\\13',) to xpath://*[@class="RveJvd snByac"] element.</msg>
<msg timestamp="20200122 13:03:23.926" level="INFO">Sending keys \13</msg>
<status status="PASS" starttime="20200122 13:03:23.895" endtime="20200122 13:03:24.239"></status>
</kw>
<kw name="Sleep" library="BuiltIn">
<doc>Pauses the test executed for the given time.</doc>
<arguments>
<arg>3</arg>
</arguments>
<msg timestamp="20200122 13:03:27.240" level="INFO">Slept 3 seconds</msg>
<status status="PASS" starttime="20200122 13:03:24.239" endtime="20200122 13:03:27.241"></status>
</kw>
<kw name="Input Password" library="Selenium2Library">
<doc>Types the given password into the text field identified by ``locator``.</doc>
<arguments>
<arg>${password text}</arg>
<arg>Mitu1113@</arg>
</arguments>
<msg timestamp="20200122 13:03:27.243" level="INFO">Typing password into text field 'xpath://*[@class="whsOnd zHQkBf"]'.</msg>
<status status="PASS" starttime="20200122 13:03:27.242" endtime="20200122 13:03:27.496"></status>
</kw>
<kw name="Press Keys" library="Selenium2Library">
<doc>Simulates the user pressing key(s) to an element or on the active browser.</doc>
<arguments>
<arg>${password next btn}</arg>
<arg>\\13</arg>
</arguments>
<msg timestamp="20200122 13:03:27.501" level="INFO">Sending key(s) ('\\13',) to xpath://*[@class="RveJvd snByac"] element.</msg>
<msg timestamp="20200122 13:03:27.522" level="INFO">Sending keys \13</msg>
<status status="PASS" starttime="20200122 13:03:27.498" endtime="20200122 13:03:27.803"></status>
</kw>
<kw name="Select Window" library="Selenium2Library">
<doc>DEPRECATED in Selenium2Library 4.0. , use `Switch Window` instead.</doc>
<arguments>
<arg>${ecvPageTitle}</arg>
</arguments>
<status status="PASS" starttime="20200122 13:03:27.804" endtime="20200122 13:03:27.894"></status>
</kw>
<kw name="Wait Until Element Is Visible" library="Selenium2Library">
<doc>Waits until the element ``locator`` is visible.</doc>
<arguments>
<arg>${vaultkey}</arg>
<arg>timeout=30 seconds</arg>
</arguments>
<status status="PASS" starttime="20200122 13:03:27.895" endtime="20200122 13:03:35.249"></status>
</kw>
<kw name="Wait Until Element Is Enabled" library="Selenium2Library">
<doc>Waits until the element ``locator`` is enabled.</doc>
<arguments>
<arg>${vaultkey}</arg>
<arg>timeout=30 seconds</arg>
</arguments>
<status status="PASS" starttime="20200122 13:03:35.251" endtime="20200122 13:03:35.336"></status>
</kw>
<kw name="Wait Until Page Does Not Contain" library="Selenium2Library">
<doc>Waits until ``text`` disappears from the current page.</doc>
<arguments>
<arg>Loading</arg>
<arg>timeout=30 seconds</arg>
</arguments>
<status status="PASS" starttime="20200122 13:03:35.337" endtime="20200122 13:03:36.150"></status>
</kw>
<kw name="Input Password" library="Selenium2Library">
<doc>Types the given password into the text field identified by ``locator``.</doc>
<arguments>
<arg>${vaultkey}</arg>
<arg>ABCxyz123@</arg>
</arguments>
<msg timestamp="20200122 13:03:36.152" level="INFO">Typing password into text field 'xpath://*[@id="password"]'.</msg>
<status status="PASS" starttime="20200122 13:03:36.151" endtime="20200122 13:03:36.527"></status>
</kw>
<kw name="Press Keys" library="Selenium2Library">
<doc>Simulates the user pressing key(s) to an element or on the active browser.</doc>
<arguments>
<arg>id:submit</arg>
<arg>\\13</arg>
</arguments>
<msg timestamp="20200122 13:03:36.531" level="INFO">Sending key(s) ('\\13',) to id:submit element.</msg>
<msg timestamp="20200122 13:03:36.560" level="INFO">Sending keys \13</msg>
<status status="PASS" starttime="20200122 13:03:36.528" endtime="20200122 13:03:36.706"></status>
</kw>
<status status="PASS" starttime="20200122 13:03:16.332" endtime="20200122 13:03:36.706"></status>
</kw>
<status status="PASS" starttime="20200122 13:03:16.330" endtime="20200122 13:03:36.706"></status>
</kw>
<kw name="Checking for the homepage">
<kw name="goto homepage" library="home_Page">
<kw name="Page Should Contain" library="Selenium2Library">
<doc>Verifies that current page contains ``text``.</doc>
<arguments>
<arg>Mitangi Kapatel</arg>
</arguments>
<msg timestamp="20200122 13:03:36.729" level="INFO">Current page contains text 'Mitangi Kapatel'.</msg>
<status status="PASS" starttime="20200122 13:03:36.708" endtime="20200122 13:03:36.729"></status>
</kw>
<kw name="Wait Until Page Does Not Contain" library="Selenium2Library">
<doc>Waits until ``text`` disappears from the current page.</doc>
<arguments>
<arg>Loading</arg>
</arguments>
<status status="PASS" starttime="20200122 13:03:36.730" endtime="20200122 13:03:40.004"></status>
</kw>
<status status="PASS" starttime="20200122 13:03:36.707" endtime="20200122 13:03:40.005"></status>
</kw>
<kw name="create new team" library="create_new_team">
<kw name="Click Element" library="Selenium2Library">
<doc>Click the element identified by ``locator``.</doc>
<arguments>
<arg>${TeamCreationLogo}</arg>
</arguments>
<msg timestamp="20200122 13:03:40.009" level="INFO">Clicking element 'xpath://*[@id="ecv-page-header"]/div[3]/nav/button/div/i'.</msg>
<status status="PASS" starttime="20200122 13:03:40.007" endtime="20200122 13:03:40.257"></status>
</kw>
<kw name="Loading" library="All Veriables">
<kw name="Wait Until Page Does Not Contain" library="Selenium2Library">
<doc>Waits until ``text`` disappears from the current page.</doc>
<arguments>
<arg>Loading</arg>
<arg>timeout=30seconds</arg>
</arguments>
<status status="PASS" starttime="20200122 13:03:40.262" endtime="20200122 13:03:41.944"></status>
</kw>
<status status="PASS" starttime="20200122 13:03:40.261" endtime="20200122 13:03:41.944"></status>
</kw>
<kw name="Loading" library="All Veriables">
<kw name="Wait Until Page Does Not Contain" library="Selenium2Library">
<doc>Waits until ``text`` disappears from the current page.</doc>
<arguments>
<arg>Loading</arg>
<arg>timeout=30seconds</arg>
</arguments>
<status status="PASS" starttime="20200122 13:03:41.945" endtime="20200122 13:03:41.969"></status>
</kw>
<status status="PASS" starttime="20200122 13:03:41.945" endtime="20200122 13:03:41.969"></status>
</kw>
<kw name="Sleep" library="BuiltIn">
<doc>Pauses the test executed for the given time.</doc>
<arguments>
<arg>3</arg>
</arguments>
<msg timestamp="20200122 13:03:44.970" level="INFO">Slept 3 seconds</msg>
<status status="PASS" starttime="20200122 13:03:41.970" endtime="20200122 13:03:44.971"></status>
</kw>
<kw name="Wait Until Element Is Visible" library="Selenium2Library">
<doc>Waits until the element ``locator`` is visible.</doc>
<arguments>
<arg>${TeamCheckbox}</arg>
<arg>timeout=30 seconds</arg>
</arguments>
<status status="PASS" starttime="20200122 13:03:44.973" endtime="20200122 13:03:45.067"></status>
</kw>
<kw name="Wait Until Element Is Enabled" library="Selenium2Library">
<doc>Waits until the element ``locator`` is enabled.</doc>
<arguments>
<arg>${TeamCheckbox}</arg>
<arg>timeout=30 seconds</arg>
</arguments>
<status status="PASS" starttime="20200122 13:03:45.069" endtime="20200122 13:03:45.118"></status>
</kw>
<kw name="Select Radio Button" library="Selenium2Library">
<doc>Sets the radio button group ``group_name`` to ``value``.</doc>
<arguments>
<arg>chk-team-type</arg>
<arg>team</arg>
</arguments>
<msg timestamp="20200122 13:03:45.119" level="INFO">Selecting 'team' from radio button 'chk-team-type'.</msg>
<status status="PASS" starttime="20200122 13:03:45.119" endtime="20200122 13:03:45.164"></status>
</kw>
<kw name="Input Text" library="Selenium2Library">
<doc>Types the given ``text`` into the text field identified by ``locator``.</doc>
<arguments>
<arg>${Team_Firstname}</arg>
<arg>Firstname</arg>
</arguments>
<msg timestamp="20200122 13:03:45.165" level="INFO">Typing text 'Firstname' into text field 'id:firstName'.</msg>
<status status="PASS" starttime="20200122 13:03:45.164" endtime="20200122 13:03:45.470"></status>
</kw>
<kw name="Input Text" library="Selenium2Library">
<doc>Types the given ``text`` into the text field identified by ``locator``.</doc>
<arguments>
<arg>${Team Lastname}</arg>
<arg>Lastname</arg>
</arguments>
<msg timestamp="20200122 13:03:45.472" level="INFO">Typing text 'Lastname' into text field 'id:lastName'.</msg>
<status status="PASS" starttime="20200122 13:03:45.471" endtime="20200122 13:03:45.703"></status>
</kw>
<kw name="Input Text" library="Selenium2Library">
<doc>Types the given ``text`` into the text field identified by ``locator``.</doc>
<arguments>
<arg>${Team BD}</arg>
<arg>11/12/1920</arg>
</arguments>
<msg timestamp="20200122 13:03:45.705" level="INFO">Typing text '11/12/1920' into text field 'id:birthDate'.</msg>
<status status="PASS" starttime="20200122 13:03:45.704" endtime="20200122 13:03:46.054"></status>
</kw>
<kw name="Click Element" library="Selenium2Library">
<doc>Click the element identified by ``locator``.</doc>
<arguments>
<arg>${SaveTeam}</arg>
</arguments>
<msg timestamp="20200122 13:03:46.056" level="INFO">Clicking element 'xpath://*[@id="side-nav"]/ul/li[1]/a/div[1]/i'.</msg>
<status status="PASS" starttime="20200122 13:03:46.055" endtime="20200122 13:03:46.344"></status>
</kw>
<status status="PASS" starttime="20200122 13:03:40.005" endtime="20200122 13:03:46.345"></status>
</kw>
<kw name="select team" library="Team_Selection">
<kw name="Loading" library="All Veriables">
<kw name="Wait Until Page Does Not Contain" library="Selenium2Library">
<doc>Waits until ``text`` disappears from the current page.</doc>
<arguments>
<arg>Loading</arg>
<arg>timeout=30seconds</arg>
</arguments>
<status status="PASS" starttime="20200122 13:03:46.348" endtime="20200122 13:03:47.348"></status>
</kw>
<status status="PASS" starttime="20200122 13:03:46.347" endtime="20200122 13:03:47.348"></status>
</kw>
<kw name="Loading" library="All Veriables">
<kw name="Wait Until Page Does Not Contain" library="Selenium2Library">
<doc>Waits until ``text`` disappears from the current page.</doc>
<arguments>
<arg>Loading</arg>
<arg>timeout=30seconds</arg>
</arguments>
<status status="PASS" starttime="20200122 13:03:47.349" endtime="20200122 13:03:47.371"></status>
</kw>
<status status="PASS" starttime="20200122 13:03:47.349" endtime="20200122 13:03:47.371"></status>
</kw>
<kw name="Loading" library="All Veriables">
<kw name="Wait Until Page Does Not Contain" library="Selenium2Library">
<doc>Waits until ``text`` disappears from the current page.</doc>
<arguments>
<arg>Loading</arg>
<arg>timeout=30seconds</arg>
</arguments>
<status status="PASS" starttime="20200122 13:03:47.372" endtime="20200122 13:03:47.385"></status>
</kw>
<status status="PASS" starttime="20200122 13:03:47.372" endtime="20200122 13:03:47.385"></status>
</kw>
<kw name="Loading" library="All Veriables">
<kw name="Wait Until Page Does Not Contain" library="Selenium2Library">
<doc>Waits until ``text`` disappears from the current page.</doc>
<arguments>
<arg>Loading</arg>
<arg>timeout=30seconds</arg>
</arguments>
<status status="PASS" starttime="20200122 13:03:47.385" endtime="20200122 13:03:47.406"></status>
</kw>
<status status="PASS" starttime="20200122 13:03:47.385" endtime="20200122 13:03:47.407"></status>
</kw>
<kw name="Wait Until Page Does Not Contain" library="Selenium2Library">
<doc>Waits until ``text`` disappears from the current page.</doc>
<arguments>
<arg>Please enter your Vault Key</arg>
<arg>timeout=30 seconds</arg>
</arguments>
<status status="PASS" starttime="20200122 13:03:47.408" endtime="20200122 13:03:47.427"></status>
</kw>
<kw name="Wait Until Page Does Not Contain" library="Selenium2Library">
<doc>Waits until ``text`` disappears from the current page.</doc>
<arguments>
<arg>Desktop</arg>
<arg>timeout=30seconds</arg>
</arguments>
<status status="PASS" starttime="20200122 13:03:47.427" endtime="20200122 13:03:47.445"></status>
</kw>
<kw name="Wait Until Element Is Visible" library="Selenium2Library">
<doc>Waits until the element ``locator`` is visible.</doc>
<arguments>
<arg>${TeamSectList}</arg>
<arg>timeout=30 seconds</arg>
</arguments>
<status status="PASS" starttime="20200122 13:03:47.446" endtime="20200122 13:03:47.476"></status>
</kw>
<kw name="Wait Until Element Is Enabled" library="Selenium2Library">
<doc>Waits until the element ``locator`` is enabled.</doc>
<arguments>
<arg>${TeamSectList}</arg>
<arg>timeout=30 seconds</arg>
</arguments>
<status status="PASS" starttime="20200122 13:03:47.476" endtime="20200122 13:03:47.500"></status>
</kw>
<kw name="Click Element" library="Selenium2Library">
<doc>Click the element identified by ``locator``.</doc>
<arguments>
<arg>${TeamSectList}</arg>
</arguments>
<msg timestamp="20200122 13:03:47.501" level="INFO">Clicking element 'name:teamListId'.</msg>
<status status="PASS" starttime="20200122 13:03:47.501" endtime="20200122 13:03:47.646"></status>
</kw>
<kw name="Element Should Be Enabled" library="Selenium2Library">
<doc>Verifies that element identified by ``locator`` is enabled.</doc>
<arguments>
<arg>${TeamSectList}</arg>
</arguments>
<status status="PASS" starttime="20200122 13:03:47.647" endtime="20200122 13:03:47.709"></status>
</kw>
<kw name="Click Element" library="Selenium2Library">
<doc>Click the element identified by ``locator``.</doc>
<arguments>
<arg>xpath://*[@id="ul-1"]/li[2]/md-autocomplete-parent-scope/div/div/div[2]</arg>
</arguments>
<msg timestamp="20200122 13:03:47.709" level="INFO">Clicking element 'xpath://*[@id="ul-1"]/li[2]/md-autocomplete-parent-scope/div/div/div[2]'.</msg>
<status status="PASS" starttime="20200122 13:03:47.709" endtime="20200122 13:03:47.817"></status>
</kw>
<status status="PASS" starttime="20200122 13:03:46.345" endtime="20200122 13:03:47.818"></status>
</kw>
<kw name="checking for the document" library="Documet">
<kw name="Loading" library="All Veriables">
<kw name="Wait Until Page Does Not Contain" library="Selenium2Library">
<doc>Waits until ``text`` disappears from the current page.</doc>
<arguments>
<arg>Loading</arg>
<arg>timeout=30seconds</arg>
</arguments>
<status status="PASS" starttime="20200122 13:03:47.820" endtime="20200122 13:03:49.599"></status>
</kw>
<status status="PASS" starttime="20200122 13:03:47.819" endtime="20200122 13:03:49.599"></status>
</kw>
<kw name="Loading" library="All Veriables">
<kw name="Wait Until Page Does Not Contain" library="Selenium2Library">
<doc>Waits until ``text`` disappears from the current page.</doc>
<arguments>
<arg>Loading</arg>
<arg>timeout=30seconds</arg>
</arguments>
<status status="PASS" starttime="20200122 13:03:49.601" endtime="20200122 13:03:49.618"></status>
</kw>
<status status="PASS" starttime="20200122 13:03:49.600" endtime="20200122 13:03:49.619"></status>
</kw>
<kw name="Loading" library="All Veriables">
<kw name="Wait Until Page Does Not Contain" library="Selenium2Library">
<doc>Waits until ``text`` disappears from the current page.</doc>
<arguments>
<arg>Loading</arg>
<arg>timeout=30seconds</arg>
</arguments>
<status status="PASS" starttime="20200122 13:03:49.619" endtime="20200122 13:03:49.864"></status>
</kw>
<status status="PASS" starttime="20200122 13:03:49.619" endtime="20200122 13:03:49.864"></status>
</kw>
<kw name="Wait Until Element Is Visible" library="Selenium2Library">
<doc>Waits until the element ``locator`` is visible.</doc>
<arguments>
<arg>${docu Sidebar}</arg>
<arg>timeout=30 seconds</arg>
</arguments>
<status status="PASS" starttime="20200122 13:03:49.865" endtime="20200122 13:03:49.936"></status>
</kw>
<kw name="Wait Until Element Is Enabled" library="Selenium2Library">
<doc>Waits until the element ``locator`` is enabled.</doc>
<arguments>
<arg>${docu Sidebar}</arg>
<arg>timeout=30 seconds</arg>
</arguments>
<status status="PASS" starttime="20200122 13:03:49.943" endtime="20200122 13:03:49.981"></status>
</kw>
<kw name="Click Element" library="Selenium2Library">
<doc>Click the element identified by ``locator``.</doc>
<arguments>
<arg>${docu Sidebar}</arg>
</arguments>
<msg timestamp="20200122 13:03:49.982" level="INFO">Clicking element 'xpath://*[@id="side-nav"]/ul/li[3]/a/div[1]/i'.</msg>
<status status="PASS" starttime="20200122 13:03:49.981" endtime="20200122 13:03:50.316"></status>
</kw>
<kw name="Wait Until Element Is Visible" library="Selenium2Library">
<doc>Waits until the element ``locator`` is visible.</doc>
<arguments>
<arg>${FolderOption}</arg>
</arguments>
<status status="PASS" starttime="20200122 13:03:50.316" endtime="20200122 13:03:51.975"></status>
</kw>
<kw name="Click Element" library="Selenium2Library">
<doc>Click the element identified by ``locator``.</doc>
<arguments>
<arg>${FolderOption}</arg>
</arguments>
<msg timestamp="20200122 13:03:51.979" level="INFO">Clicking element 'id:folder-options-popover'.</msg>
<status status="PASS" starttime="20200122 13:03:51.976" endtime="20200122 13:03:52.105"></status>
</kw>
<kw name="Wait Until Element Is Visible" library="Selenium2Library">
<doc>Waits until the element ``locator`` is visible.</doc>
<arguments>
<arg>${selectOpen}</arg>
<arg>timeout=20 seconds</arg>
</arguments>
<status status="PASS" starttime="20200122 13:03:52.107" endtime="20200122 13:03:52.147"></status>
</kw>
<kw name="Click Element" library="Selenium2Library">
<doc>Click the element identified by ``locator``.</doc>
<arguments>
<arg>${selectOpen}</arg>
</arguments>
<msg timestamp="20200122 13:03:52.149" level="INFO">Clicking element 'xpath:/html/body/div[1]/div/div[5]/div[1]/div[2]/div/div/md-virtual-repeat-container/div/div[2]/div/div[3]/div/div/div/div/div/div/div[2]/div[2]/div[2]/div[2]/div[2]/div/ul/li[1]/div/span'.</msg>
<status status="PASS" starttime="20200122 13:03:52.148" endtime="20200122 13:03:52.314"></status>
</kw>
<kw name="Loading" library="All Veriables">
<kw name="Wait Until Page Does Not Contain" library="Selenium2Library">
<doc>Waits until ``text`` disappears from the current page.</doc>
<arguments>
<arg>Loading</arg>
<arg>timeout=30seconds</arg>
</arguments>
<status status="PASS" starttime="20200122 13:03:52.317" endtime="20200122 13:03:52.336"></status>
</kw>
<status status="PASS" starttime="20200122 13:03:52.315" endtime="20200122 13:03:52.337"></status>
</kw>
<kw name="Go Back" library="Selenium2Library">
<doc>Simulates the user clicking the back button on their browser.</doc>
<status status="PASS" starttime="20200122 13:03:52.339" endtime="20200122 13:03:52.476"></status>
</kw>
<kw name="Sleep" library="BuiltIn">
<doc>Pauses the test executed for the given time.</doc>
<arguments>
<arg>5</arg>
</arguments>
<msg timestamp="20200122 13:03:57.477" level="INFO">Slept 5 seconds</msg>
<status status="PASS" starttime="20200122 13:03:52.476" endtime="20200122 13:03:57.478"></status>
</kw>
<kw name="Click Button" library="Selenium2Library">
<doc>Clicks the button identified by ``locator``.</doc>
<arguments>
<arg>${uploadBtn}</arg>
</arguments>
<msg timestamp="20200122 13:03:57.482" level="INFO">Clicking button 'name:documentFile'.</msg>
<status status="PASS" starttime="20200122 13:03:57.480" endtime="20200122 13:03:57.686"></status>
</kw>
<kw name="Wait Until Element Is Enabled" library="Selenium2Library">
<doc>Waits until the element ``locator`` is enabled.</doc>
<arguments>
<arg>${drag$dropArea}</arg>
</arguments>
<status status="PASS" starttime="20200122 13:03:57.687" endtime="20200122 13:03:58.534"></status>
</kw>
<kw name="Choose File" library="Selenium2Library">
<doc>Inputs the ``file_path`` into the file input field ``locator``.</doc>
<arguments>
<arg>${drag$dropArea}</arg>
<arg>${UploadfilePath}</arg>
</arguments>
<msg timestamp="20200122 13:03:58.537" level="INFO">Sending /home/jeavio37/Documents/task.odt to browser.</msg>
<status status="PASS" starttime="20200122 13:03:58.534" endtime="20200122 13:03:58.778"></status>
</kw>
<kw name="Wait Until Element Is Enabled" library="Selenium2Library">
<doc>Waits until the element ``locator`` is enabled.</doc>
<arguments>
<arg>${finalUpload}</arg>
<arg>timeout=30seconds</arg>
</arguments>
<status status="PASS" starttime="20200122 13:03:58.779" endtime="20200122 13:03:59.263"></status>
</kw>
<kw name="Click Button" library="Selenium2Library">
<doc>Clicks the button identified by ``locator``.</doc>
<arguments>
<arg>${finalUpload}</arg>
</arguments>
<msg timestamp="20200122 13:03:59.264" level="INFO">Clicking button 'xpath:/html/body/div[1]/div/div[5]/div[1]/div[2]/div/div/div[3]/div/div/div[2]/div[1]/div/button[2]'.</msg>
<status status="PASS" starttime="20200122 13:03:59.263" endtime="20200122 13:03:59.413"></status>
</kw>
<kw name="Go Back" library="Selenium2Library">
<doc>Simulates the user clicking the back button on their browser.</doc>
<status status="PASS" starttime="20200122 13:03:59.414" endtime="20200122 13:03:59.693"></status>
</kw>
<status status="PASS" starttime="20200122 13:03:47.818" endtime="20200122 13:03:59.694"></status>
</kw>
<kw name="Discussions" library="Discussion">
<kw name="Loading" library="All Veriables">
<kw name="Wait Until Page Does Not Contain" library="Selenium2Library">
<doc>Waits until ``text`` disappears from the current page.</doc>
<arguments>
<arg>Loading</arg>
<arg>timeout=30seconds</arg>
</arguments>
<status status="PASS" starttime="20200122 13:03:59.699" endtime="20200122 13:03:59.745"></status>
</kw>
<status status="PASS" starttime="20200122 13:03:59.697" endtime="20200122 13:03:59.746"></status>
</kw>
<kw name="Loading" library="All Veriables">
<kw name="Wait Until Page Does Not Contain" library="Selenium2Library">
<doc>Waits until ``text`` disappears from the current page.</doc>
<arguments>
<arg>Loading</arg>
<arg>timeout=30seconds</arg>
</arguments>
<status status="PASS" starttime="20200122 13:03:59.746" endtime="20200122 13:03:59.762"></status>
</kw>
<status status="PASS" starttime="20200122 13:03:59.746" endtime="20200122 13:03:59.762"></status>
</kw>
<kw name="Loading" library="All Veriables">
<kw name="Wait Until Page Does Not Contain" library="Selenium2Library">
<doc>Waits until ``text`` disappears from the current page.</doc>
<arguments>
<arg>Loading</arg>
<arg>timeout=30seconds</arg>
</arguments>
<status status="PASS" starttime="20200122 13:03:59.763" endtime="20200122 13:03:59.779"></status>
</kw>
<status status="PASS" starttime="20200122 13:03:59.762" endtime="20200122 13:03:59.780"></status>
</kw>
<kw name="Loading" library="All Veriables">
<kw name="Wait Until Page Does Not Contain" library="Selenium2Library">
<doc>Waits until ``text`` disappears from the current page.</doc>
<arguments>
<arg>Loading</arg>
<arg>timeout=30seconds</arg>
</arguments>
<status status="PASS" starttime="20200122 13:03:59.780" endtime="20200122 13:03:59.797"></status>
</kw>
<status status="PASS" starttime="20200122 13:03:59.780" endtime="20200122 13:03:59.798"></status>
</kw>
<kw name="Loading" library="All Veriables">
<kw name="Wait Until Page Does Not Contain" library="Selenium2Library">
<doc>Waits until ``text`` disappears from the current page.</doc>
<arguments>
<arg>Loading</arg>
<arg>timeout=30seconds</arg>
</arguments>
<status status="PASS" starttime="20200122 13:03:59.800" endtime="20200122 13:03:59.833"></status>
</kw>
<status status="PASS" starttime="20200122 13:03:59.799" endtime="20200122 13:03:59.834"></status>
</kw>
<kw name="Wait Until Element Is Visible" library="Selenium2Library">
<doc>Waits until the element ``locator`` is visible.</doc>
<arguments>
<arg>${disscussionIcon}</arg>
<arg>timeout=30 seconds</arg>
</arguments>
<status status="PASS" starttime="20200122 13:03:59.836" endtime="20200122 13:03:59.889"></status>
</kw>
<kw name="Wait Until Element Is Enabled" library="Selenium2Library">
<doc>Waits until the element ``locator`` is enabled.</doc>
<arguments>
<arg>${disscussionIcon}</arg>
<arg>timeout=30 seconds</arg>
</arguments>
<status status="PASS" starttime="20200122 13:03:59.890" endtime="20200122 13:03:59.949"></status>
</kw>
<kw name="Click Element" library="Selenium2Library">
<doc>Click the element identified by ``locator``.</doc>
<arguments>
<arg>${disscussionIcon}</arg>
</arguments>
<msg timestamp="20200122 13:03:59.954" level="INFO">Clicking element 'xpath://*[@id="side-nav"]/ul/li[4]/a/div/i'.</msg>
<status status="PASS" starttime="20200122 13:03:59.950" endtime="20200122 13:04:00.167"></status>
</kw>
<kw name="Loading" library="All Veriables">
<kw name="Wait Until Page Does Not Contain" library="Selenium2Library">
<doc>Waits until ``text`` disappears from the current page.</doc>
<arguments>
<arg>Loading</arg>
<arg>timeout=30seconds</arg>
</arguments>
<status status="PASS" starttime="20200122 13:04:00.169" endtime="20200122 13:04:00.709"></status>
</kw>
<status status="PASS" starttime="20200122 13:04:00.168" endtime="20200122 13:04:00.710"></status>
</kw>
<kw name="Wait Until Element Is Visible" library="Selenium2Library">
<doc>Waits until the element ``locator`` is visible.</doc>
<arguments>
<arg>${DiscussionBtn}</arg>
<arg>timeout=60 seconds</arg>
</arguments>
<status status="PASS" starttime="20200122 13:04:00.710" endtime="20200122 13:04:00.743"></status>
</kw>
<kw name="Wait Until Element Is Enabled" library="Selenium2Library">
<doc>Waits until the element ``locator`` is enabled.</doc>
<arguments>
<arg>${DiscussionBtn}</arg>
<arg>timeout=60 seconds</arg>
</arguments>
<status status="PASS" starttime="20200122 13:04:00.744" endtime="20200122 13:04:00.775"></status>
</kw>
<kw name="Loading" library="All Veriables">
<kw name="Wait Until Page Does Not Contain" library="Selenium2Library">
<doc>Waits until ``text`` disappears from the current page.</doc>
<arguments>
<arg>Loading</arg>
<arg>timeout=30seconds</arg>
</arguments>
<status status="PASS" starttime="20200122 13:04:00.776" endtime="20200122 13:04:00.787"></status>
</kw>
<status status="PASS" starttime="20200122 13:04:00.775" endtime="20200122 13:04:00.787"></status>
</kw>
<kw name="Loading" library="All Veriables">
<kw name="Wait Until Page Does Not Contain" library="Selenium2Library">
<doc>Waits until ``text`` disappears from the current page.</doc>
<arguments>
<arg>Loading</arg>
<arg>timeout=30seconds</arg>
</arguments>
<status status="PASS" starttime="20200122 13:04:00.788" endtime="20200122 13:04:00.798"></status>
</kw>
<status status="PASS" starttime="20200122 13:04:00.787" endtime="20200122 13:04:00.799"></status>
</kw>
<kw name="Click Button" library="Selenium2Library">
<doc>Clicks the button identified by ``locator``.</doc>
<arguments>
<arg>${DiscussionBtn}</arg>
</arguments>
<msg timestamp="20200122 13:04:00.800" level="INFO">Clicking button 'xpath://*[@id="discussion-list"]/div[2]/div[3]/div/button'.</msg>
<status status="PASS" starttime="20200122 13:04:00.800" endtime="20200122 13:04:00.962"></status>
</kw>
<kw name="Wait Until Element Is Visible" library="Selenium2Library">
<doc>Waits until the element ``locator`` is visible.</doc>
<arguments>
<arg>${DiscussionTitle}</arg>
<arg>timeout=60 seconds</arg>
</arguments>
<status status="PASS" starttime="20200122 13:04:00.963" endtime="20200122 13:04:01.824"></status>
</kw>
<kw name="Wait Until Element Is Enabled" library="Selenium2Library">
<doc>Waits until the element ``locator`` is enabled.</doc>
<arguments>
<arg>${DiscussionTitle}</arg>
<arg>timeout=60 seconds</arg>
</arguments>
<status status="PASS" starttime="20200122 13:04:01.825" endtime="20200122 13:04:01.932"></status>
</kw>
<kw name="Input Text" library="Selenium2Library">
<doc>Types the given ``text`` into the text field identified by ``locator``.</doc>
<arguments>
<arg>${DiscussionTitle}</arg>
<arg>title</arg>
</arguments>
<msg timestamp="20200122 13:04:01.936" level="INFO">Typing text 'title' into text field 'name:title'.</msg>
<status status="PASS" starttime="20200122 13:04:01.935" endtime="20200122 13:04:02.157"></status>
</kw>
<kw name="Click Element" library="Selenium2Library">
<doc>Click the element identified by ``locator``.</doc>
<arguments>
<arg>${DiscussionMsg}</arg>
</arguments>
<msg timestamp="20200122 13:04:02.158" level="INFO">Clicking element 'name:message'.</msg>
<status status="PASS" starttime="20200122 13:04:02.157" endtime="20200122 13:04:02.302"></status>
</kw>
<kw name="Input Text" library="Selenium2Library">
<doc>Types the given ``text`` into the text field identified by ``locator``.</doc>
<arguments>
<arg>${MsgEditer}</arg>
<arg>text</arg>
</arguments>
<msg timestamp="20200122 13:04:02.303" level="INFO">Typing text 'text' into text field 'xpath://*[@id="message-editor"]/div/div[2]/div[1]'.</msg>
<status status="PASS" starttime="20200122 13:04:02.302" endtime="20200122 13:04:02.445"></status>
</kw>
<kw name="Click Button" library="Selenium2Library">
<doc>Clicks the button identified by ``locator``.</doc>
<arguments>
<arg>${CreatDisBtn}</arg>
</arguments>
<msg timestamp="20200122 13:04:02.448" level="INFO">Clicking button 'xpath:/html/body/div[1]/div/div[5]/div[1]/div[2]/div/div/div[3]/div/div/div/div[2]/div/button[2]'.</msg>
<status status="PASS" starttime="20200122 13:04:02.448" endtime="20200122 13:04:02.583"></status>
</kw>
<kw name="Go Back" library="Selenium2Library">
<doc>Simulates the user clicking the back button on their browser.</doc>
<status status="PASS" starttime="20200122 13:04:02.585" endtime="20200122 13:04:02.743"></status>
</kw>
<status status="PASS" starttime="20200122 13:03:59.696" endtime="20200122 13:04:02.743"></status>
</kw>
<kw name="Forms" library="Form_Assign">
<kw name="Loading" library="All Veriables">
<kw name="Wait Until Page Does Not Contain" library="Selenium2Library">
<doc>Waits until ``text`` disappears from the current page.</doc>
<arguments>
<arg>Loading</arg>
<arg>timeout=30seconds</arg>
</arguments>
<status status="PASS" starttime="20200122 13:04:02.746" endtime="20200122 13:04:03.737"></status>
</kw>
<status status="PASS" starttime="20200122 13:04:02.745" endtime="20200122 13:04:03.738"></status>
</kw>
<kw name="Wait Until Element Is Visible" library="Selenium2Library">
<doc>Waits until the element ``locator`` is visible.</doc>
<arguments>
<arg>${formSidebar}</arg>
<arg>timeout=30 seconds</arg>
</arguments>
<status status="PASS" starttime="20200122 13:04:03.739" endtime="20200122 13:04:03.773"></status>
</kw>
<kw name="Wait Until Element Is Enabled" library="Selenium2Library">
<doc>Waits until the element ``locator`` is enabled.</doc>
<arguments>
<arg>${formSidebar}</arg>
<arg>timeout=30 seconds</arg>
</arguments>
<status status="PASS" starttime="20200122 13:04:03.773" endtime="20200122 13:04:03.795"></status>
</kw>
<kw name="Click Element" library="Selenium2Library">
<doc>Click the element identified by ``locator``.</doc>
<arguments>
<arg>${formSidebar}</arg>
</arguments>
<msg timestamp="20200122 13:04:03.796" level="INFO">Clicking element 'xpath://*[@id="side-nav"]/ul/li[5]/a/div[1]/i'.</msg>
<status status="PASS" starttime="20200122 13:04:03.795" endtime="20200122 13:04:04.043"></status>
</kw>
<kw name="Loading" library="All Veriables">
<kw name="Wait Until Page Does Not Contain" library="Selenium2Library">
<doc>Waits until ``text`` disappears from the current page.</doc>
<arguments>
<arg>Loading</arg>
<arg>timeout=30seconds</arg>
</arguments>
<status status="PASS" starttime="20200122 13:04:04.044" endtime="20200122 13:04:06.395"></status>
</kw>
<status status="PASS" starttime="20200122 13:04:04.043" endtime="20200122 13:04:06.397"></status>
</kw>
<kw name="Click Element" library="Selenium2Library">
<doc>Click the element identified by ``locator``.</doc>
<arguments>
<arg>${AvailableForm}</arg>
</arguments>
<msg timestamp="20200122 13:04:06.399" level="INFO">Clicking element 'xpath://*[@daid="available-forms-tab"]'.</msg>
<status status="PASS" starttime="20200122 13:04:06.398" endtime="20200122 13:04:06.541"></status>
</kw>
<kw name="Wait Until Element Is Visible" library="Selenium2Library">
<doc>Waits until the element ``locator`` is visible.</doc>
<arguments>
<arg>${firstForm}</arg>
</arguments>
<status status="PASS" starttime="20200122 13:04:06.542" endtime="20200122 13:04:06.617"></status>
</kw>
<kw name="Wait Until Element Is Enabled" library="Selenium2Library">
<doc>Waits until the element ``locator`` is enabled.</doc>
<arguments>
<arg>${firstForm}</arg>
</arguments>
<status status="PASS" starttime="20200122 13:04:06.618" endtime="20200122 13:04:06.662"></status>
</kw>
<kw name="Click Element" library="Selenium2Library">
<doc>Click the element identified by ``locator``.</doc>
<arguments>
<arg>${firstForm}</arg>
</arguments>
<msg timestamp="20200122 13:04:06.664" level="INFO">Clicking element 'xpath:/html/body/div[1]/div/div[5]/div[1]/div[2]/div/div[3]/div/div[1]/div/div[2]/div/table/tbody/tr[1]/td[1]/a'.</msg>
<status status="PASS" starttime="20200122 13:04:06.663" endtime="20200122 13:04:06.947"></status>
</kw>
<kw name="Go Back" library="Selenium2Library">
<doc>Simulates the user clicking the back button on their browser.</doc>
<status status="PASS" starttime="20200122 13:04:06.947" endtime="20200122 13:04:07.219"></status>
</kw>
<kw name="Wait Until Element Is Visible" library="Selenium2Library">
<doc>Waits until the element ``locator`` is visible.</doc>
<arguments>
<arg>${AssignBtn}</arg>
</arguments>
<status status="PASS" starttime="20200122 13:04:07.220" endtime="20200122 13:04:07.721"></status>
</kw>
<kw name="Wait Until Element Is Enabled" library="Selenium2Library">
<doc>Waits until the element ``locator`` is enabled.</doc>
<arguments>
<arg>${AssignBtn}</arg>
</arguments>
<status status="PASS" starttime="20200122 13:04:07.722" endtime="20200122 13:04:07.764"></status>
</kw>
<kw name="Click Button" library="Selenium2Library">
<doc>Clicks the button identified by ``locator``.</doc>
<arguments>
<arg>${AssignBtn}</arg>
</arguments>
<msg timestamp="20200122 13:04:07.766" level="INFO">Clicking button 'xpath:/html/body/div[1]/div/div[5]/div[1]/div[2]/div/div[3]/div/div[1]/div/div[2]/div/table/tbody/tr[1]/td[4]/button'.</msg>
<status status="PASS" starttime="20200122 13:04:07.765" endtime="20200122 13:04:08.050"></status>
</kw>
<kw name="Loading" library="All Veriables">
<kw name="Wait Until Page Does Not Contain" library="Selenium2Library">
<doc>Waits until ``text`` disappears from the current page.</doc>
<arguments>
<arg>Loading</arg>
<arg>timeout=30seconds</arg>
</arguments>
<status status="PASS" starttime="20200122 13:04:08.053" endtime="20200122 13:04:08.888"></status>
</kw>
<status status="PASS" starttime="20200122 13:04:08.051" endtime="20200122 13:04:08.888"></status>
</kw>
<kw name="Click Element" library="Selenium2Library">
<doc>Click the element identified by ``locator``.</doc>
<arguments>
<arg>${TeamMemSectList}</arg>
</arguments>
<msg timestamp="20200122 13:04:08.891" level="INFO">Clicking element 'xpath://*[@id="teamMember"]/div'.</msg>
<status status="PASS" starttime="20200122 13:04:08.890" endtime="20200122 13:04:09.100"></status>
</kw>
<kw name="Click Element" library="Selenium2Library">
<doc>Click the element identified by ``locator``.</doc>
<arguments>
<arg>${ClickOnFirstTeam}</arg>
</arguments>
<msg timestamp="20200122 13:04:09.101" level="INFO">Clicking element 'xpath:/html/body/div[1]/div/div/div/div[2]/form/div[2]/div/ul[1]/li/div[3]/span'.</msg>
<status status="PASS" starttime="20200122 13:04:09.101" endtime="20200122 13:04:09.355"></status>
</kw>
<kw name="Click Element" library="Selenium2Library">
<doc>Click the element identified by ``locator``.</doc>
<arguments>
<arg>${finalAssign}</arg>
</arguments>
<msg timestamp="20200122 13:04:09.356" level="INFO">Clicking element 'xpath:/html/body/div[1]/div/div/div/div[3]/div[2]'.</msg>
<status status="PASS" starttime="20200122 13:04:09.355" endtime="20200122 13:04:09.575"></status>
</kw>
<kw name="Go Back" library="Selenium2Library">
<doc>Simulates the user clicking the back button on their browser.</doc>
<status status="PASS" starttime="20200122 13:04:09.576" endtime="20200122 13:04:09.786"></status>
</kw>
<status status="PASS" starttime="20200122 13:04:02.744" endtime="20200122 13:04:09.787"></status>
</kw>
<kw name="Analytics" library="Analytics">
<kw name="Loading" library="All Veriables">
<kw name="Wait Until Page Does Not Contain" library="Selenium2Library">
<doc>Waits until ``text`` disappears from the current page.</doc>
<arguments>
<arg>Loading</arg>
<arg>timeout=30seconds</arg>
</arguments>
<status status="PASS" starttime="20200122 13:04:09.789" endtime="20200122 13:04:09.812"></status>
</kw>
<status status="PASS" starttime="20200122 13:04:09.789" endtime="20200122 13:04:09.812"></status>
</kw>
<kw name="Loading" library="All Veriables">
<kw name="Wait Until Page Does Not Contain" library="Selenium2Library">
<doc>Waits until ``text`` disappears from the current page.</doc>
<arguments>
<arg>Loading</arg>
<arg>timeout=30seconds</arg>
</arguments>
<status status="PASS" starttime="20200122 13:04:09.816" endtime="20200122 13:04:09.838"></status>
</kw>
<status status="PASS" starttime="20200122 13:04:09.813" endtime="20200122 13:04:09.840"></status>
</kw>
<kw name="Loading" library="All Veriables">
<kw name="Wait Until Page Does Not Contain" library="Selenium2Library">
<doc>Waits until ``text`` disappears from the current page.</doc>
<arguments>
<arg>Loading</arg>
<arg>timeout=30seconds</arg>
</arguments>
<status status="PASS" starttime="20200122 13:04:09.842" endtime="20200122 13:04:09.860"></status>
</kw>
<status status="PASS" starttime="20200122 13:04:09.841" endtime="20200122 13:04:09.860"></status>
</kw>
<kw name="Sleep" library="BuiltIn">
<doc>Pauses the test executed for the given time.</doc>
<arguments>
<arg>10</arg>
</arguments>
<msg timestamp="20200122 13:04:19.863" level="INFO">Slept 10 seconds</msg>
<status status="PASS" starttime="20200122 13:04:09.861" endtime="20200122 13:04:19.865"></status>
</kw>
<kw name="Wait Until Page Does Not Contain" library="Selenium2Library">
<doc>Waits until ``text`` disappears from the current page.</doc>
<arguments>
<arg>Assign "2018-2019 Emergency Information for Transporters"</arg>
</arguments>
<status status="PASS" starttime="20200122 13:04:19.867" endtime="20200122 13:04:19.927"></status>
</kw>
<kw name="Wait Until Element Is Visible" library="Selenium2Library">
<doc>Waits until the element ``locator`` is visible.</doc>
<arguments>
<arg>xpath://*[@id="side-nav"]/ul/li[6]/a/div[1]/i</arg>
<arg>timeout=30 seconds</arg>
</arguments>
<status status="PASS" starttime="20200122 13:04:19.927" endtime="20200122 13:04:19.972"></status>
</kw>
<kw name="Wait Until Element Is Enabled" library="Selenium2Library">
<doc>Waits until the element ``locator`` is enabled.</doc>
<arguments>
<arg>xpath://*[@id="side-nav"]/ul/li[6]/a/div[1]/i</arg>
<arg>timeout=30 seconds</arg>
</arguments>
<status status="PASS" starttime="20200122 13:04:19.972" endtime="20200122 13:04:20.012"></status>
</kw>
<kw name="Click Element" library="Selenium2Library">
<doc>Click the element identified by ``locator``.</doc>
<arguments>
<arg>xpath://*[@id="side-nav"]/ul/li[6]/a/div[1]/i</arg>
</arguments>
<msg timestamp="20200122 13:04:20.013" level="INFO">Clicking element 'xpath://*[@id="side-nav"]/ul/li[6]/a/div[1]/i'.</msg>
<status status="PASS" starttime="20200122 13:04:20.013" endtime="20200122 13:04:20.198"></status>
</kw>
<kw name="Go Back" library="Selenium2Library">
<doc>Simulates the user clicking the back button on their browser.</doc>
<status status="PASS" starttime="20200122 13:04:20.198" endtime="20200122 13:04:20.408"></status>
</kw>
<status status="PASS" starttime="20200122 13:04:09.788" endtime="20200122 13:04:20.409"></status>
</kw>
<kw name="Services" library="Services">
<kw name="Loading" library="All Veriables">
<kw name="Wait Until Page Does Not Contain" library="Selenium2Library">
<doc>Waits until ``text`` disappears from the current page.</doc>
<arguments>
<arg>Loading</arg>
<arg>timeout=30seconds</arg>
</arguments>
<status status="PASS" starttime="20200122 13:04:20.411" endtime="20200122 13:04:20.435"></status>
</kw>
<status status="PASS" starttime="20200122 13:04:20.410" endtime="20200122 13:04:20.436"></status>
</kw>
<kw name="Loading" library="All Veriables">
<kw name="Wait Until Page Does Not Contain" library="Selenium2Library">
<doc>Waits until ``text`` disappears from the current page.</doc>
<arguments>
<arg>Loading</arg>
<arg>timeout=30seconds</arg>
</arguments>
<status status="PASS" starttime="20200122 13:04:20.438" endtime="20200122 13:04:20.453"></status>
</kw>
<status status="PASS" starttime="20200122 13:04:20.437" endtime="20200122 13:04:20.454"></status>
</kw>
<kw name="Loading" library="All Veriables">
<kw name="Wait Until Page Does Not Contain" library="Selenium2Library">
<doc>Waits until ``text`` disappears from the current page.</doc>
<arguments>
<arg>Loading</arg>
<arg>timeout=30seconds</arg>
</arguments>
<status status="PASS" starttime="20200122 13:04:20.455" endtime="20200122 13:04:20.470"></status>
</kw>
<status status="PASS" starttime="20200122 13:04:20.454" endtime="20200122 13:04:20.470"></status>
</kw>
<kw name="Wait Until Element Is Visible" library="Selenium2Library">
<doc>Waits until the element ``locator`` is visible.</doc>
<arguments>
<arg>xpath://*[@id="side-nav"]/ul/li[7]/a/div[1]/span</arg>
</arguments>
<status status="PASS" starttime="20200122 13:04:20.471" endtime="20200122 13:04:20.508"></status>
</kw>
<kw name="Wait Until Element Is Enabled" library="Selenium2Library">
<doc>Waits until the element ``locator`` is enabled.</doc>
<arguments>
<arg>xpath://*[@id="side-nav"]/ul/li[7]/a/div[1]/span</arg>
</arguments>
<status status="PASS" starttime="20200122 13:04:20.508" endtime="20200122 13:04:20.543"></status>
</kw>
<kw name="Click Element" library="Selenium2Library">
<doc>Click the element identified by ``locator``.</doc>
<arguments>
<arg>xpath://*[@id="side-nav"]/ul/li[7]/a/div[1]/span</arg>
</arguments>
<msg timestamp="20200122 13:04:20.547" level="INFO">Clicking element 'xpath://*[@id="side-nav"]/ul/li[7]/a/div[1]/span'.</msg>
<status status="PASS" starttime="20200122 13:04:20.547" endtime="20200122 13:04:20.709"></status>
</kw>
<status status="PASS" starttime="20200122 13:04:20.409" endtime="20200122 13:04:20.710"></status>
</kw>
<kw name="Logout" library="Logout">
<kw name="Sleep" library="BuiltIn">
<doc>Pauses the test executed for the given time.</doc>
<arguments>
<arg>10</arg>
</arguments>
<msg timestamp="20200122 13:04:30.715" level="INFO">Slept 10 seconds</msg>
<status status="PASS" starttime="20200122 13:04:20.714" endtime="20200122 13:04:30.717"></status>
</kw>
<kw name="Wait Until Page Does Not Contain" library="Selenium2Library">
<doc>Waits until ``text`` disappears from the current page.</doc>
<arguments>
<arg>Loading</arg>
</arguments>
<status status="PASS" starttime="20200122 13:04:30.719" endtime="20200122 13:04:30.767"></status>
</kw>
<kw name="Wait Until Page Does Not Contain" library="Selenium2Library">
<doc>Waits until ``text`` disappears from the current page.</doc>
<arguments>
<arg>Loading</arg>
</arguments>
<status status="PASS" starttime="20200122 13:04:30.769" endtime="20200122 13:04:30.835"></status>
</kw>
<kw name="Wait Until Page Does Not Contain" library="Selenium2Library">
<doc>Waits until ``text`` disappears from the current page.</doc>
<arguments>
<arg>Loading</arg>
</arguments>
<status status="PASS" starttime="20200122 13:04:30.838" endtime="20200122 13:04:30.853"></status>
</kw>
<kw name="Wait Until Element Is Enabled" library="Selenium2Library">
<doc>Waits until the element ``locator`` is enabled.</doc>
<arguments>
<arg>${HaderUserName}</arg>
<arg>timeout=30 seconds</arg>
</arguments>
<status status="PASS" starttime="20200122 13:04:30.853" endtime="20200122 13:04:30.898"></status>
</kw>
<kw name="Wait Until Element Is Visible" library="Selenium2Library">
<doc>Waits until the element ``locator`` is visible.</doc>
<arguments>
<arg>${HaderUserName}</arg>
<arg>timeout=30 seconds</arg>
</arguments>
<status status="PASS" starttime="20200122 13:04:30.900" endtime="20200122 13:04:30.947"></status>
</kw>
<kw name="Click Element" library="Selenium2Library">
<doc>Click the element identified by ``locator``.</doc>
<arguments>
<arg>${HaderUserName}</arg>
</arguments>
<msg timestamp="20200122 13:04:30.948" level="INFO">Clicking element 'xpath://*[@id="ecv-page-header"]/div[3]/div[1]/nav/ul/li/a/span/span/i'.</msg>
<status status="PASS" starttime="20200122 13:04:30.948" endtime="20200122 13:04:31.058"></status>
</kw>
<kw name="Click Element" library="Selenium2Library">
<doc>Click the element identified by ``locator``.</doc>
<arguments>
<arg>${Logout}</arg>
</arguments>
<msg timestamp="20200122 13:04:31.061" level="INFO">Clicking element 'xpath://*[@id="step4"]/li[7]/a/span'.</msg>
<status status="PASS" starttime="20200122 13:04:31.059" endtime="20200122 13:04:31.238"></status>
</kw>
<status status="PASS" starttime="20200122 13:04:20.712" endtime="20200122 13:04:31.239"></status>
</kw>
<status status="PASS" starttime="20200122 13:03:36.706" endtime="20200122 13:04:31.240"></status>
</kw>
<status status="PASS" starttime="20200122 13:01:43.349" endtime="20200122 13:04:31.241" critical="yes"></status>
</test>
<status status="PASS" starttime="20200122 13:01:43.085" endtime="20200122 13:04:31.245"></status>
</suite>
<status status="PASS" starttime="20200122 13:01:43.043" endtime="20200122 13:04:31.249"></status>
</suite>
<statistics>
<total>
<stat pass="1" fail="0">Critical Tests</stat>
<stat pass="1" fail="0">All Tests</stat>
</total>
<tag>
</tag>
<suite>
<stat pass="1" fail="0" id="s1" name="Test">Test</stat>
<stat pass="1" fail="0" id="s1-s1" name="Main TestCase">Test.Main TestCase</stat>
</suite>
</statistics>
<errors>
<msg timestamp="20200122 13:01:43.321" level="WARN">Collapsing consecutive whitespace during parsing is deprecated. Fix ' select team' in file '/home/jeavio37/eclipse-workspace/Test/Team_Selection.robot' on line 7.</msg>
</errors>
</robot>
